{"meta": {"format": 3, "version": "7.15.3", "timestamp": "2026-08-28T15:06:41.355037", "branch_coverage": false, "show_contexts": false}, "files": {"main.py": {"executed_lines": [1, 2, 3, 4, 5, 7, 16, 17, 18, 20, 21, 22, 24, 37, 38, 39, 40, 42, 44, 46, 57, 70, 85, 95, 96, 100, 106, 107, 114, 115, 117, 118, 124, 125, 127, 128, 130, 133, 134, 136, 137, 139, 140, 142, 143, 146, 148, 154, 155, 157, 160, 161, 162, 163, 164, 169, 170, 174, 180, 186, 192, 194, 196, 198, 200, 202, 207, 214, 216, 218, 221, 223, 232, 233, 234, 235, 237, 238, 243, 245, 257], "summary": {"covered_lines": 81, "num_statements": 95, "percent_covered": 85.26315789473684, "percent_covered_display": "85", "missing_lines": 14, "excluded_lines": 0, "percent_statements_covered": 85.26315789473684, "percent_statements_covered_display": "85"}, "missing_lines": [25, 26, 28, 29, 30, 32, 33, 34, 222, 225, 226, 227, 229, 258], "excluded_lines": [], "functions": {"setup_logging": {"executed_lines": [], "summary": {"covered_lines": 0, "num_statements": 8, "percent_covered": 0.0, "percent_covered_display": "0", "missing_lines": 8, "excluded_lines": 0, "percent_statements_covered": 0.0, "percent_statements_covered_display": "0"}, "missing_lines": [25, 26, 28, 29, 30, 32, 33, 34], "excluded_lines": [], "start_line": 24}, "calculate_all_lineitems_average_cost_from_excel": {"executed_lines": [95, 96, 100, 106, 107, 114, 115, 117, 118, 124, 125, 127, 128, 130, 133, 134, 136, 137, 139, 140, 142, 143], "summary": {"covered_lines": 22, "num_statements": 22, "percent_covered": 100.0, "percent_covered_display": "100", "missing_lines": 0, "excluded_lines": 0, "percent_statements_covered": 100.0, "percent_statements_covered_display": "100"}, "missing_lines": [], "excluded_lines": [], "start_line": 85}, "_transfers": {"executed_lines": [148, 154, 155, 157], "summary": {"covered_lines": 4, "num_statements": 4, "percent_covered": 100.0, "percent_covered_display": "100", "missing_lines": 0, "excluded_lines": 0, "percent_statements_covered": 100.0, "percent_statements_covered_display": "100"}, "missing_lines": [], "excluded_lines": [], "start_line": 146}, "_parse_as_of_date": {"executed_lines": [161, 162, 163, 164], "summary": {"covered_lines": 4, "num_statements": 4, "percent_covered": 100.0, "percent_covered_display": "100", "missing_lines": 0, "excluded_lines": 0, "percent_statements_covered": 100.0, "percent_statements_covered_display": "100"}, "missing_lines": [], "excluded_lines": [], "start_line": 160}, "main": {"executed_lines": [170, 174, 180, 186, 192, 194, 196, 198, 200, 202, 207, 214, 216, 218, 221, 223, 232, 233, 234, 235, 237, 238, 243, 245], "summary": {"covered_lines": 24, "num_statements": 29, "percent_covered": 82.75862068965517, "percent_covered_display": "83", "missing_lines": 5, "excluded_lines": 0, "percent_statements_covered": 82.75862068965517, "percent_statements_covered_display": "83"}, "missing_lines": [222, 225, 226, 227, 229], "excluded_lines": [], "start_line": 169}, "": {"executed_lines": [1, 2, 3, 4, 5, 7, 16, 17, 18, 20, 21, 22, 24, 37, 38, 39, 40, 42, 44, 46, 57, 70, 85, 146, 160, 169, 257], "summary": {"covered_lines": 27, "num_statements": 28, "percent_covered": 96.42857142857143, "percent_covered_display": "96", "missing_lines": 1, "excluded_lines": 0, "percent_statements_covered": 96.42857142857143, "percent_statements_covered_display": "96"}, "missing_lines": [258], "excluded_lines": [], "start_line": 1}}, "classes": {"": {"executed_lines": [1, 2, 3, 4, 5, 7, 16, 17, 18, 20, 21, 22, 24, 37, 38, 39, 40, 42, 44, 46, 57, 70, 85, 95, 96, 100, 106, 107, 114, 115, 117, 118, 124, 125, 127, 128, 130, 133, 134, 136, 137, 139, 140, 142, 143, 146, 148, 154, 155, 157, 160, 161, 162, 163, 164, 169, 170, 174, 180, 186, 192, 194, 196, 198, 200, 202, 207, 214, 216, 218, 221, 223, 232, 233, 234, 235, 237, 238, 243, 245, 257], "summary": {"covered_lines": 81, "num_statements": 95, "percent_covered": 85.26315789473684, "percent_covered_display": "85", "missing_lines": 14, "excluded_lines": 0, "percent_statements_covered": 85.26315789473684, "percent_statements_covered_display": "85"}, "missing_lines": [25, 26, 28, 29, 30, 32, 33, 34, 222, 225, 226, 227, 229, 258], "excluded_lines": [], "start_line": 1}}}, "src\\__init__.py": {"executed_lines": [], "summary": {"covered_lines": 0, "num_statements": 0, "percent_covered": 100.0, "percent_covered_display": "100", "missing_lines": 0, "excluded_lines": 0, "percent_statements_covered": 100.0, "percent_statements_covered_display": "100"}, "missing_lines": [], "excluded_lines": [], "functions": {"": {"executed_lines": [], "summary": {"covered_lines": 0, "num_statements": 0, "percent_covered": 100.0, "percent_covered_display": "100", "missing_lines": 0, "excluded_lines": 0, "percent_statements_covered": 100.0, "percent_statements_covered_display": "100"}, "missing_lines": [], "excluded_lines": [], "start_line": 1}}, "classes": {"": {"executed_lines": [], "summary": {"covered_lines": 0, "num_statements": 0, "percent_covered": 100.0, "percent_covered_display": "100", "missing_lines": 0, "excluded_lines": 0, "percent_statements_covered": 100.0, "percent_statements_covered_display": "100"}, "missing_lines": [], "excluded_lines": [], "start_line": 1}}}, "src\\adapters.py": {"executed_lines": [1, 3, 5, 6, 8, 9, 11, 22, 23, 25, 28, 31, 32, 36, 37, 40, 44, 45, 46, 48, 51, 54, 55, 56, 57, 58, 59, 61, 62, 63, 65, 67, 68, 70, 73, 76, 77, 79, 80, 81, 82, 84, 85, 86, 92, 94, 96, 99, 103, 104, 105, 106, 107, 109, 110, 117, 119, 120, 122, 125, 131, 136, 137, 138, 140, 141, 142, 143, 145, 146, 147, 148, 149, 151, 152, 153, 155, 156, 157, 158, 160, 161, 162, 163, 164, 166, 167, 174, 176, 177, 178, 180, 183, 187, 188, 189, 191, 195, 196, 209, 210, 212, 213, 214, 215, 216], "summary": {"covered_lines": 106, "num_statements": 112, "percent_covered": 94.64285714285714, "percent_covered_display": "95", "missing_lines": 6, "excluded_lines": 0, "percent_statements_covered": 94.64285714285714, "percent_statements_covered_display": "95"}, "missing_lines": [190, 217, 218, 219, 222, 223], "excluded_lines": [], "functions": {"give_reader": {"executed_lines": [31, 32, 36, 37], "summary": {"covered_lines": 4, "num_statements": 4, "percent_covered": 100.0, "percent_covered_display": "100", "missing_lines": 0, "excluded_lines": 0, "percent_statements_covered": 100.0, "percent_statements_covered_display": "100"}, "missing_lines": [], "excluded_lines": [], "start_line": 28}, "give_transfer_reader": {"executed_lines": [44, 45, 46, 48], "summary": {"covered_lines": 4, "num_statements": 4, "percent_covered": 100.0, "percent_covered_display": "100", "missing_lines": 0, "excluded_lines": 0, "percent_statements_covered": 100.0, "percent_statements_covered_display": "100"}, "missing_lines": [], "excluded_lines": [], "start_line": 40}, "build_inventory": {"executed_lines": [54, 55, 56, 57, 58, 59, 61, 62, 63, 65, 67, 68, 70], "summary": {"covered_lines": 13, "num_statements": 13, "percent_covered": 100.0, "percent_covered_display": "100", "missing_lines": 0, "excluded_lines": 0, "percent_statements_covered": 100.0, "percent_statements_covered_display": "100"}, "missing_lines": [], "excluded_lines": [], "start_line": 51}, "build_transfers": {"executed_lines": [76, 77, 79, 80, 81, 82, 84, 85, 86, 92, 94, 96], "summary": {"covered_lines": 12, "num_statements": 12, "percent_covered": 100.0, "percent_covered_display": "100", "missing_lines": 0, "excluded_lines": 0, "percent_statements_covered": 100.0, "percent_statements_covered_display": "100"}, "missing_lines": [], "excluded_lines": [], "start_line": 73}, "record_sales": {"executed_lines": [103, 104, 105, 106, 107, 109, 110, 117, 119, 120, 122], "summary": {"covered_lines": 11, "num_statements": 11, "percent_covered": 100.0, "percent_covered_display": "100", "missing_lines": 0, "excluded_lines": 0, "percent_statements_covered": 100.0, "percent_statements_covered_display": "100"}, "missing_lines": [], "excluded_lines": [], "start_line": 99}, "allocate_landed_costs": {"executed_lines": [131, 160, 161, 162, 163, 164, 166, 167, 174, 176, 177, 178, 180], "summary": {"covered_lines": 13, "num_statements": 13, "percent_covered": 100.0, "percent_covered_display": "100", "missing_lines": 0, "excluded_lines": 0, "percent_statements_covered": 100.0, "percent_statements_covered_display": "100"}, "missing_lines": [], "excluded_lines": [], "start_line": 125}, "allocate_landed_costs._allocator": {"executed_lines": [136, 137, 138, 140, 141, 142, 143, 145, 146, 147, 148, 149, 151, 152, 153, 155, 156, 157, 158], "summary": {"covered_lines": 19, "num_statements": 19, "percent_covered": 100.0, "percent_covered_display": "100", "missing_lines": 0, "excluded_lines": 0, "percent_statements_covered": 100.0, "percent_statements_covered_display": "100"}, "missing_lines": [], "excluded_lines": [], "start_line": 131}, "write_outfile": {"executed_lines": [187, 188, 189, 191, 195, 196, 209, 210, 212, 213, 214, 215, 216], "summary": {"covered_lines": 13, "num_statements": 19, "percent_covered": 68.42105263157895, "percent_covered_display": "68", "missing_lines": 6, "excluded_lines": 0, "percent_statements_covered": 68.42105263157895, "percent_statements_covered_display": "68"}, "missing_lines": [190, 217, 218, 219, 222, 223], "excluded_lines": [], "start_line": 183}, "": {"executed_lines": [1, 3, 5, 6, 8, 9, 11, 22, 23, 25, 28, 40, 51, 73, 99, 125, 183], "summary": {"covered_lines": 17, "num_statements": 17, "percent_covered": 100.0, "percent_covered_display": "100", "missing_lines": 0, "excluded_lines": 0, "percent_statements_covered": 100.0, "percent_statements_covered_display": "100"}, "missing_lines": [], "excluded_lines": [], "start_line": 1}}, "classes": {"": {"executed_lines": [1, 3, 5, 6, 8, 9, 11, 22, 23, 25, 28, 31, 32, 36, 37, 40, 44, 45, 46, 48, 51, 54, 55, 56, 57, 58, 59, 61, 62, 63, 65, 67, 68, 70, 73, 76, 77, 79, 80, 81, 82, 84, 85, 86, 92, 94, 96, 99, 103, 104, 105, 106, 107, 109, 110, 117, 119, 120, 122, 125, 131, 136, 137, 138, 140, 141, 142, 143, 145, 146, 147, 148, 149, 151, 152, 153, 155, 156, 157, 158, 160, 161, 162, 163, 164, 166, 167, 174, 176, 177, 178, 180, 183, 187, 188, 189, 191, 195, 196, 209, 210, 212, 213, 214, 215, 216], "summary": {"covered_lines": 106, "num_statements": 112, "percent_covered": 94.64285714285714, "percent_covered_display": "95", "missing_lines": 6, "excluded_lines": 0, "percent_statements_covered": 94.64285714285714, "percent_statements_covered_display": "95"}, "missing_lines": [190, 217, 218, 219, 222, 223], "excluded_lines": [], "start_line": 1}}}, "src\\data\\__init__.py": {"executed_lines": [1, 3, 4, 5, 15], "summary": {"covered_lines": 5, "num_statements": 5, "percent_covered": 100.0, "percent_covered_display": "100", "missing_lines": 0, "excluded_lines": 0, "percent_statements_covered": 100.0, "percent_statements_covered_display": "100"}, "missing_lines": [], "excluded_lines": [], "functions": {"": {"executed_lines": [1, 3, 4, 5, 15], "summary": {"covered_lines": 5, "num_statements": 5, "percent_covered": 100.0, "percent_covered_display": "100", "missing_lines": 0, "excluded_lines": 0, "percent_statements_covered": 100.0, "percent_statements_covered_display": "100"}, "missing_lines": [], "excluded_lines": [], "start_line": 1}}, "classes": {"": {"executed_lines": [1, 3, 4, 5, 15], "summary": {"covered_lines": 5, "num_statements": 5, "percent_covered": 100.0, "percent_covered_display": "100", "missing_lines": 0, "excluded_lines": 0, "percent_statements_covered": 100.0, "percent_statements_covered_display": "100"}, "missing_lines": [], "excluded_lines": [], "start_line": 1}}}, "src\\data\\data_exception.py": {"executed_lines": [1, 2], "summary": {"covered_lines": 2, "num_statements": 2, "percent_covered": 100.0, "percent_covered_display": "100", "missing_lines": 0, "excluded_lines": 0, "percent_statements_covered": 100.0, "percent_statements_covered_display": "100"}, "missing_lines": [], "excluded_lines": [], "functions": {"": {"executed_lines": [1, 2], "summary": {"covered_lines": 2, "num_statements": 2, "percent_covered": 100.0, "percent_covered_display": "100", "missing_lines": 0, "excluded_lines": 0, "percent_statements_covered": 100.0, "percent_statements_covered_display": "100"}, "missing_lines": [], "excluded_lines": [], "start_line": 1}}, "classes": {"DataSourceError": {"executed_lines": [], "summary": {"covered_lines": 0, "num_statements": 0, "percent_covered": 100.0, "percent_covered_display": "100", "missing_lines": 0, "excluded_lines": 0, "percent_statements_covered": 100.0, "percent_statements_covered_display": "100"}, "missing_lines": [], "excluded_lines": [], "start_line": 1}, "": {"executed_lines": [1, 2], "summary": {"covered_lines": 2, "num_statements": 2, "percent_covered": 100.0, "percent_covered_display": "100", "missing_lines": 0, "excluded_lines": 0, "percent_statements_covered": 100.0, "percent_statements_covered_display": "100"}, "missing_lines": [], "excluded_lines": [], "start_line": 1}}}, "src\\data\\datarow_mutation_utils.py": {"executed_lines": [1, 2, 3, 4, 5, 6, 7, 9, 11, 13, 14, 16, 17, 18, 23, 24, 25, 33, 46, 48, 50, 53, 55, 57, 60, 63, 65, 69, 71, 72, 73, 80, 83, 92, 93, 94, 97, 100, 101, 102, 104, 105, 108, 109, 110, 111, 112, 119, 120, 121, 122, 123, 124, 125, 129, 130, 132, 133, 134, 135, 136, 138], "summary": {"covered_lines": 62, "num_statements": 82, "percent_covered": 75.60975609756098, "percent_covered_display": "76", "missing_lines": 20, "excluded_lines": 0, "percent_statements_covered": 75.60975609756098, "percent_statements_covered_display": "76"}, "missing_lines": [19, 20, 21, 26, 27, 30, 47, 49, 51, 54, 56, 58, 61, 66, 74, 75, 76, 77, 95, 98], "excluded_lines": [], "functions": {"component_cost_allocation": {"executed_lines": [46, 48, 50, 53, 55, 57, 60, 63, 71, 72, 73], "summary": {"covered_lines": 11, "num_statements": 21, "percent_covered": 52.38095238095238, "percent_covered_display": "52", "missing_lines": 10, "excluded_lines": 0, "percent_statements_covered": 52.38095238095238, "percent_statements_covered_display": "52"}, "missing_lines": [47, 49, 51, 54, 56, 58, 74, 75, 76, 77], "excluded_lines": [], "start_line": 33}, "component_cost_allocation._allocate_quantity_based_cost": {"executed_lines": [], "summary": {"covered_lines": 0, "num_statements": 1, "percent_covered": 0.0, "percent_covered_display": "0", "missing_lines": 1, "excluded_lines": 0, "percent_statements_covered": 0.0, "percent_statements_covered_display": "0"}, "missing_lines": [61], "excluded_lines": [], "start_line": 60}, "component_cost_allocation._allocate_user_defined_cost": {"executed_lines": [65, 69], "summary": {"covered_lines": 2, "num_statements": 3, "percent_covered": 66.66666666666667, "percent_covered_display": "67", "missing_lines": 1, "excluded_lines": 0, "percent_statements_covered": 66.66666666666667, "percent_statements_covered_display": "67"}, "missing_lines": [66], "excluded_lines": [], "start_line": 63}, "split_kits": {"executed_lines": [92, 138], "summary": {"covered_lines": 2, "num_statements": 2, "percent_covered": 100.0, "percent_covered_display": "100", "missing_lines": 0, "excluded_lines": 0, "percent_statements_covered": 100.0, "percent_statements_covered_display": "100"}, "missing_lines": [], "excluded_lines": [], "start_line": 83}, "split_kits.wrapper": {"executed_lines": [93, 94, 97, 100, 101, 102, 104, 105, 108, 109, 110, 111, 112, 119, 120, 121, 122, 123, 124, 125, 129, 130, 132, 133, 134, 135, 136], "summary": {"covered_lines": 27, "num_statements": 29, "percent_covered": 93.10344827586206, "percent_covered_display": "93", "missing_lines": 2, "excluded_lines": 0, "percent_statements_covered": 93.10344827586206, "percent_statements_covered_display": "93"}, "missing_lines": [95, 98], "excluded_lines": [], "start_line": 92}, "": {"executed_lines": [1, 2, 3, 4, 5, 6, 7, 9, 11, 13, 14, 16, 17, 18, 23, 24, 25, 33, 80, 83], "summary": {"covered_lines": 20, "num_statements": 26, "percent_covered": 76.92307692307692, "percent_covered_display": "77", "missing_lines": 6, "excluded_lines": 0, "percent_statements_covered": 76.92307692307692, "percent_statements_covered_display": "77"}, "missing_lines": [19, 20, 21, 26, 27, 30], "excluded_lines": [], "start_line": 1}}, "classes": {"": {"executed_lines": [1, 2, 3, 4, 5, 6, 7, 9, 11, 13, 14, 16, 17, 18, 23, 24, 25, 33, 46, 48, 50, 53, 55, 57, 60, 63, 65, 69, 71, 72, 73, 80, 83, 92, 93, 94, 97, 100, 101, 102, 104, 105, 108, 109, 110, 111, 112, 119, 120, 121, 122, 123, 124, 125, 129, 130, 132, 133, 134, 135, 136, 138], "summary": {"covered_lines": 62, "num_statements": 82, "percent_covered": 75.60975609756098, "percent_covered_display": "76", "missing_lines": 20, "excluded_lines": 0, "percent_statements_covered": 75.60975609756098, "percent_statements_covered_display": "76"}, "missing_lines": [19, 20, 21, 26, 27, 30, 47, 49, 51, 54, 56, 58, 61, 66, 74, 75, 76, 77, 95, 98], "excluded_lines": [], "start_line": 1}}}, "src\\data\\datarows.py": {"executed_lines": [1, 4, 5, 6, 7, 8, 9, 10, 11, 13, 15, 17, 18, 23, 24, 25, 26, 27, 34, 39, 41, 42, 43, 44, 45, 47, 48, 50, 51, 52, 53, 54, 56, 57, 59, 60, 61, 64, 70, 72, 73, 74, 76, 77, 79, 80, 81, 82, 83, 85, 88, 93, 95, 96, 97, 99, 101, 102, 103, 104, 106, 108, 109, 110, 111, 112, 113, 115, 117, 118, 136, 137, 138, 140, 141, 142, 144, 146, 147, 148, 149, 155, 156, 157, 158, 160, 161, 162, 163, 164, 165, 167, 168, 169, 170, 171, 172, 173, 175, 178, 179, 180, 181, 182, 185, 186, 187, 188, 190, 191, 194, 195, 198, 199, 209, 210, 211, 212, 213, 216, 222, 223, 224, 225, 226, 227, 228, 229, 230, 232, 233, 244, 245, 246, 247, 248, 249, 250, 251, 253, 254, 257, 258, 259, 260, 261, 263, 264, 267, 268, 269, 270, 271, 272, 273, 275, 276, 284, 285, 286, 287, 289, 290, 293, 294, 295, 296, 297, 299, 300, 301, 302, 303, 304, 305, 306, 307, 308, 314, 315, 318, 319, 323, 324, 325, 326, 329, 330, 331, 332, 333, 335, 336, 337, 338, 339, 340, 341, 342, 344, 345, 351, 358, 359, 360, 362, 363, 367, 368, 369, 370, 371, 377, 378, 380, 381, 385, 386, 388, 390, 391, 394, 397, 398, 399, 401, 402, 403, 404, 405, 411, 412, 416, 417, 418, 419, 420, 422, 423, 424, 425, 431, 432, 438, 439, 441, 442, 443, 446, 447, 448, 458, 467, 468, 469], "summary": {"covered_lines": 255, "num_statements": 262, "percent_covered": 97.32824427480917, "percent_covered_display": "97", "missing_lines": 7, "excluded_lines": 5, "percent_statements_covered": 97.32824427480917, "percent_statements_covered_display": "97"}, "missing_lines": [153, 174, 192, 193, 352, 406, 407], "excluded_lines": [29, 30, 31, 32, 33], "functions": {"RowLike.from_row": {"executed_lines": [], "summary": {"covered_lines": 0, "num_statements": 0, "percent_covered": 100.0, "percent_covered_display": "100", "missing_lines": 0, "excluded_lines": 1, "percent_statements_covered": 100.0, "percent_statements_covered_display": "100"}, "missing_lines": [], "excluded_lines": [31], "start_line": 31}, "LandedCostRow.__init__": {"executed_lines": [42, 43, 44, 45], "summary": {"covered_lines": 4, "num_statements": 4, "percent_covered": 100.0, "percent_covered_display": "100", "missing_lines": 0, "excluded_lines": 0, "percent_statements_covered": 100.0, "percent_statements_covered_display": "100"}, "missing_lines": [], "excluded_lines": [], "start_line": 41}, "LandedCostRow.__repr__": {"executed_lines": [48], "summary": {"covered_lines": 1, "num_statements": 1, "percent_covered": 100.0, "percent_covered_display": "100", "missing_lines": 0, "excluded_lines": 0, "percent_statements_covered": 100.0, "percent_statements_covered_display": "100"}, "missing_lines": [], "excluded_lines": [], "start_line": 47}, "LandedCostRow.from_row": {"executed_lines": [52, 53, 54, 56, 57], "summary": {"covered_lines": 5, "num_statements": 5, "percent_covered": 100.0, "percent_covered_display": "100", "missing_lines": 0, "excluded_lines": 0, "percent_statements_covered": 100.0, "percent_statements_covered_display": "100"}, "missing_lines": [], "excluded_lines": [], "start_line": 51}, "LandedCostRow.sort_key": {"executed_lines": [61], "summary": {"covered_lines": 1, "num_statements": 1, "percent_covered": 100.0, "percent_covered_display": "100", "missing_lines": 0, "excluded_lines": 0, "percent_statements_covered": 100.0, "percent_statements_covered_display": "100"}, "missing_lines": [], "excluded_lines": [], "start_line": 60}, "SalesRow.__init__": {"executed_lines": [73, 74], "summary": {"covered_lines": 2, "num_statements": 2, "percent_covered": 100.0, "percent_covered_display": "100", "missing_lines": 0, "excluded_lines": 0, "percent_statements_covered": 100.0, "percent_statements_covered_display": "100"}, "missing_lines": [], "excluded_lines": [], "start_line": 72}, "SalesRow.__repr__": {"executed_lines": [77], "summary": {"covered_lines": 1, "num_statements": 1, "percent_covered": 100.0, "percent_covered_display": "100", "missing_lines": 0, "excluded_lines": 0, "percent_statements_covered": 100.0, "percent_statements_covered_display": "100"}, "missing_lines": [], "excluded_lines": [], "start_line": 76}, "SalesRow.from_row": {"executed_lines": [81, 82, 83, 85], "summary": {"covered_lines": 4, "num_statements": 4, "percent_covered": 100.0, "percent_covered_display": "100", "missing_lines": 0, "excluded_lines": 0, "percent_statements_covered": 100.0, "percent_statements_covered_display": "100"}, "missing_lines": [], "excluded_lines": [], "start_line": 80}, "InventoryRow.__init__": {"executed_lines": [96, 97, 99, 101, 102, 103, 104, 106], "summary": {"covered_lines": 8, "num_statements": 8, "percent_covered": 100.0, "percent_covered_display": "100", "missing_lines": 0, "excluded_lines": 0, "percent_statements_covered": 100.0, "percent_statements_covered_display": "100"}, "missing_lines": [], "excluded_lines": [], "start_line": 95}, "InventoryRow.from_row": {"executed_lines": [111, 112, 113, 115], "summary": {"covered_lines": 4, "num_statements": 4, "percent_covered": 100.0, "percent_covered_display": "100", "missing_lines": 0, "excluded_lines": 0, "percent_statements_covered": 100.0, "percent_statements_covered_display": "100"}, "missing_lines": [], "excluded_lines": [], "start_line": 110}, "InventoryRow.export": {"executed_lines": [118, 136, 137, 138, 140, 141, 142, 144], "summary": {"covered_lines": 8, "num_statements": 8, "percent_covered": 100.0, "percent_covered_display": "100", "missing_lines": 0, "excluded_lines": 0, "percent_statements_covered": 100.0, "percent_statements_covered_display": "100"}, "missing_lines": [], "excluded_lines": [], "start_line": 117}, "InventoryRow.allocate_from_landed_cost": {"executed_lines": [147, 148, 149, 155, 156, 157, 158, 160, 161, 162, 163, 164, 165, 167, 168, 169, 170, 171, 172, 173, 175], "summary": {"covered_lines": 21, "num_statements": 23, "percent_covered": 91.30434782608695, "percent_covered_display": "91", "missing_lines": 2, "excluded_lines": 0, "percent_statements_covered": 91.30434782608695, "percent_statements_covered_display": "91"}, "missing_lines": [153, 174], "excluded_lines": [], "start_line": 146}, "InventoryRow.sales_value": {"executed_lines": [179, 180, 181, 182, 185, 186, 187, 188], "summary": {"covered_lines": 8, "num_statements": 8, "percent_covered": 100.0, "percent_covered_display": "100", "missing_lines": 0, "excluded_lines": 0, "percent_statements_covered": 100.0, "percent_statements_covered_display": "100"}, "missing_lines": [], "excluded_lines": [], "start_line": 178}, "InventoryRow.record_sale": {"executed_lines": [191, 194, 195], "summary": {"covered_lines": 3, "num_statements": 5, "percent_covered": 60.0, "percent_covered_display": "60", "missing_lines": 2, "excluded_lines": 0, "percent_statements_covered": 60.0, "percent_statements_covered_display": "60"}, "missing_lines": [192, 193], "excluded_lines": [], "start_line": 190}, "InventoryRow.__repr__": {"executed_lines": [199], "summary": {"covered_lines": 1, "num_statements": 1, "percent_covered": 100.0, "percent_covered_display": "100", "missing_lines": 0, "excluded_lines": 0, "percent_statements_covered": 100.0, "percent_statements_covered_display": "100"}, "missing_lines": [], "excluded_lines": [], "start_line": 198}, "Header.landed_cost": {"executed_lines": [244, 245, 246, 247, 248, 249, 250, 251], "summary": {"covered_lines": 8, "num_statements": 8, "percent_covered": 100.0, "percent_covered_display": "100", "missing_lines": 0, "excluded_lines": 0, "percent_statements_covered": 100.0, "percent_statements_covered_display": "100"}, "missing_lines": [], "excluded_lines": [], "start_line": 233}, "Header.inventory_row": {"executed_lines": [257, 258, 259, 260, 261], "summary": {"covered_lines": 5, "num_statements": 5, "percent_covered": 100.0, "percent_covered_display": "100", "missing_lines": 0, "excluded_lines": 0, "percent_statements_covered": 100.0, "percent_statements_covered_display": "100"}, "missing_lines": [], "excluded_lines": [], "start_line": 254}, "Header.transfer_row": {"executed_lines": [267, 268, 269, 270, 271, 272, 273], "summary": {"covered_lines": 7, "num_statements": 7, "percent_covered": 100.0, "percent_covered_display": "100", "missing_lines": 0, "excluded_lines": 0, "percent_statements_covered": 100.0, "percent_statements_covered_display": "100"}, "missing_lines": [], "excluded_lines": [], "start_line": 264}, "Header.sales_row": {"executed_lines": [284, 285, 286, 287], "summary": {"covered_lines": 4, "num_statements": 4, "percent_covered": 100.0, "percent_covered_display": "100", "missing_lines": 0, "excluded_lines": 0, "percent_statements_covered": 100.0, "percent_statements_covered_display": "100"}, "missing_lines": [], "excluded_lines": [], "start_line": 276}, "Header.__repr__": {"executed_lines": [290], "summary": {"covered_lines": 1, "num_statements": 1, "percent_covered": 100.0, "percent_covered_display": "100", "missing_lines": 0, "excluded_lines": 0, "percent_statements_covered": 100.0, "percent_statements_covered_display": "100"}, "missing_lines": [], "excluded_lines": [], "start_line": 289}, "InventoryDTO.sanitize": {"executed_lines": [302, 303, 304, 305, 306, 307, 308, 314, 315, 318, 319, 323, 324, 325, 326], "summary": {"covered_lines": 15, "num_statements": 15, "percent_covered": 100.0, "percent_covered_display": "100", "missing_lines": 0, "excluded_lines": 0, "percent_statements_covered": 100.0, "percent_statements_covered_display": "100"}, "missing_lines": [], "excluded_lines": [], "start_line": 301}, "LandedCostDTO.sanitize": {"executed_lines": [337, 338, 339, 340, 341, 342, 344, 345, 351, 358, 359, 360, 362, 363, 367, 368, 369, 370, 371, 377, 378, 380, 381, 385, 386, 388, 390, 391, 394], "summary": {"covered_lines": 29, "num_statements": 30, "percent_covered": 96.66666666666667, "percent_covered_display": "97", "missing_lines": 1, "excluded_lines": 0, "percent_statements_covered": 96.66666666666667, "percent_statements_covered_display": "97"}, "missing_lines": [352], "excluded_lines": [], "start_line": 336}, "SalesDTO.sanitize": {"executed_lines": [403, 404, 405, 411, 412, 416, 417, 418, 419, 420, 422, 423, 424, 425, 431, 432, 438, 439, 441, 442, 443], "summary": {"covered_lines": 21, "num_statements": 23, "percent_covered": 91.30434782608695, "percent_covered_display": "91", "missing_lines": 2, "excluded_lines": 0, "percent_statements_covered": 91.30434782608695, "percent_statements_covered_display": "91"}, "missing_lines": [406, 407], "excluded_lines": [], "start_line": 402}, "SalesData.__init__": {"executed_lines": [448, 458, 467, 468, 469], "summary": {"covered_lines": 5, "num_statements": 5, "percent_covered": 100.0, "percent_covered_display": "100", "missing_lines": 0, "excluded_lines": 0, "percent_statements_covered": 100.0, "percent_statements_covered_display": "100"}, "missing_lines": [], "excluded_lines": [], "start_line": 447}, "": {"executed_lines": [1, 4, 5, 6, 7, 8, 9, 10, 11, 13, 15, 17, 18, 23, 24, 25, 26, 27, 34, 39, 41, 47, 50, 51, 59, 60, 64, 70, 72, 76, 79, 80, 88, 93, 95, 108, 109, 110, 117, 146, 178, 190, 198, 209, 210, 211, 212, 213, 216, 222, 223, 224, 225, 226, 227, 228, 229, 230, 232, 233, 253, 254, 263, 264, 275, 276, 289, 293, 294, 295, 296, 297, 299, 300, 301, 329, 330, 331, 332, 333, 335, 336, 397, 398, 399, 401, 402, 446, 447], "summary": {"covered_lines": 89, "num_statements": 89, "percent_covered": 100.0, "percent_covered_display": "100", "missing_lines": 0, "excluded_lines": 4, "percent_statements_covered": 100.0, "percent_statements_covered_display": "100"}, "missing_lines": [], "excluded_lines": [29, 30, 32, 33], "start_line": 1}}, "classes": {"RowLike": {"executed_lines": [], "summary": {"covered_lines": 0, "num_statements": 0, "percent_covered": 100.0, "percent_covered_display": "100", "missing_lines": 0, "excluded_lines": 1, "percent_statements_covered": 100.0, "percent_statements_covered_display": "100"}, "missing_lines": [], "excluded_lines": [31], "start_line": 23}, "LandedCostRow": {"executed_lines": [42, 43, 44, 45, 48, 52, 53, 54, 56, 57, 61], "summary": {"covered_lines": 11, "num_statements": 11, "percent_covered": 100.0, "percent_covered_display": "100", "missing_lines": 0, "excluded_lines": 0, "percent_statements_covered": 100.0, "percent_statements_covered_display": "100"}, "missing_lines": [], "excluded_lines": [], "start_line": 34}, "SalesRow": {"executed_lines": [73, 74, 77, 81, 82, 83, 85], "summary": {"covered_lines": 7, "num_statements": 7, "percent_covered": 100.0, "percent_covered_display": "100", "missing_lines": 0, "excluded_lines": 0, "percent_statements_covered": 100.0, "percent_statements_covered_display": "100"}, "missing_lines": [], "excluded_lines": [], "start_line": 64}, "InventoryRow": {"executed_lines": [96, 97, 99, 101, 102, 103, 104, 106, 111, 112, 113, 115, 118, 136, 137, 138, 140, 141, 142, 144, 147, 148, 149, 155, 156, 157, 158, 160, 161, 162, 163, 164, 165, 167, 168, 169, 170, 171, 172, 173, 175, 179, 180, 181, 182, 185, 186, 187, 188, 191, 194, 195, 199], "summary": {"covered_lines": 53, "num_statements": 57, "percent_covered": 92.98245614035088, "percent_covered_display": "93", "missing_lines": 4, "excluded_lines": 0, "percent_statements_covered": 92.98245614035088, "percent_statements_covered_display": "93"}, "missing_lines": [153, 174, 192, 193], "excluded_lines": [], "start_line": 88}, "FailedRow": {"executed_lines": [], "summary": {"covered_lines": 0, "num_statements": 0, "percent_covered": 100.0, "percent_covered_display": "100", "missing_lines": 0, "excluded_lines": 0, "percent_statements_covered": 100.0, "percent_statements_covered_display": "100"}, "missing_lines": [], "excluded_lines": [], "start_line": 210}, "Header": {"executed_lines": [244, 245, 246, 247, 248, 249, 250, 251, 257, 258, 259, 260, 261, 267, 268, 269, 270, 271, 272, 273, 284, 285, 286, 287, 290], "summary": {"covered_lines": 25, "num_statements": 25, "percent_covered": 100.0, "percent_covered_display": "100", "missing_lines": 0, "excluded_lines": 0, "percent_statements_covered": 100.0, "percent_statements_covered_display": "100"}, "missing_lines": [], "excluded_lines": [], "start_line": 216}, "InventoryDTO": {"executed_lines": [302, 303, 304, 305, 306, 307, 308, 314, 315, 318, 319, 323, 324, 325, 326], "summary": {"covered_lines": 15, "num_statements": 15, "percent_covered": 100.0, "percent_covered_display": "100", "missing_lines": 0, "excluded_lines": 0, "percent_statements_covered": 100.0, "percent_statements_covered_display": "100"}, "missing_lines": [], "excluded_lines": [], "start_line": 294}, "LandedCostDTO": {"executed_lines": [337, 338, 339, 340, 341, 342, 344, 345, 351, 358, 359, 360, 362, 363, 367, 368, 369, 370, 371, 377, 378, 380, 381, 385, 386, 388, 390, 391, 394], "summary": {"covered_lines": 29, "num_statements": 30, "percent_covered": 96.66666666666667, "percent_covered_display": "97", "missing_lines": 1, "excluded_lines": 0, "percent_statements_covered": 96.66666666666667, "percent_statements_covered_display": "97"}, "missing_lines": [352], "excluded_lines": [], "start_line": 329}, "SalesDTO": {"executed_lines": [403, 404, 405, 411, 412, 416, 417, 418, 419, 420, 422, 423, 424, 425, 431, 432, 438, 439, 441, 442, 443], "summary": {"covered_lines": 21, "num_statements": 23, "percent_covered": 91.30434782608695, "percent_covered_display": "91", "missing_lines": 2, "excluded_lines": 0, "percent_statements_covered": 91.30434782608695, "percent_statements_covered_display": "91"}, "missing_lines": [406, 407], "excluded_lines": [], "start_line": 397}, "SalesData": {"executed_lines": [448, 458, 467, 468, 469], "summary": {"covered_lines": 5, "num_statements": 5, "percent_covered": 100.0, "percent_covered_display": "100", "missing_lines": 0, "excluded_lines": 0, "percent_statements_covered": 100.0, "percent_statements_covered_display": "100"}, "missing_lines": [], "excluded_lines": [], "start_line": 446}, "": {"executed_lines": [1, 4, 5, 6, 7, 8, 9, 10, 11, 13, 15, 17, 18, 23, 24, 25, 26, 27, 34, 39, 41, 47, 50, 51, 59, 60, 64, 70, 72, 76, 79, 80, 88, 93, 95, 108, 109, 110, 117, 146, 178, 190, 198, 209, 210, 211, 212, 213, 216, 222, 223, 224, 225, 226, 227, 228, 229, 230, 232, 233, 253, 254, 263, 264, 275, 276, 289, 293, 294, 295, 296, 297, 299, 300, 301, 329, 330, 331, 332, 333, 335, 336, 397, 398, 399, 401, 402, 446, 447], "summary": {"covered_lines": 89, "num_statements": 89, "percent_covered": 100.0, "percent_covered_display": "100", "missing_lines": 0, "excluded_lines": 4, "percent_statements_covered": 100.0, "percent_statements_covered_display": "100"}, "missing_lines": [], "excluded_lines": [29, 30, 32, 33], "start_line": 1}}}, "src\\data\\excel\\__init__.py": {"executed_lines": [1, 3, 4, 5, 7], "summary": {"covered_lines": 5, "num_statements": 5, "percent_covered": 100.0, "percent_covered_display": "100", "missing_lines": 0, "excluded_lines": 0, "percent_statements_covered": 100.0, "percent_statements_covered_display": "100"}, "missing_lines": [], "excluded_lines": [], "functions": {"": {"executed_lines": [1, 3, 4, 5, 7], "summary": {"covered_lines": 5, "num_statements": 5, "percent_covered": 100.0, "percent_covered_display": "100", "missing_lines": 0, "excluded_lines": 0, "percent_statements_covered": 100.0, "percent_statements_covered_display": "100"}, "missing_lines": [], "excluded_lines": [], "start_line": 1}}, "classes": {"": {"executed_lines": [1, 3, 4, 5, 7], "summary": {"covered_lines": 5, "num_statements": 5, "percent_covered": 100.0, "percent_covered_display": "100", "missing_lines": 0, "excluded_lines": 0, "percent_statements_covered": 100.0, "percent_statements_covered_display": "100"}, "missing_lines": [], "excluded_lines": [], "start_line": 1}}}, "src\\data\\excel\\reader.py": {"executed_lines": [1, 3, 4, 5, 6, 7, 8, 9, 10, 11, 12, 13, 14, 15, 16, 17, 19, 20, 21, 22, 23, 25, 26, 27, 29, 31, 33, 35, 38, 39, 40, 41, 44, 45, 48, 49, 50, 52, 53, 55, 56, 59, 60, 61, 62, 63, 65, 68, 69, 71, 72, 73, 74, 77, 83, 89, 90, 91, 92, 94, 96, 98, 99, 100, 101, 102, 104, 105, 108, 111, 112, 113, 114, 119, 120, 123, 125, 126, 134, 138, 139, 142, 157, 159, 161, 162, 164, 165, 166, 167, 168, 169, 170, 180, 182, 183, 196, 197, 198, 199, 202, 203, 205, 207, 208, 209, 211, 212, 213, 215, 216, 217, 220, 221, 222, 223, 226, 233, 234, 235, 243, 246, 271, 272, 273, 274, 275, 277, 278, 280, 281, 282, 288, 290, 291, 292, 293, 294, 298, 299, 300, 301, 302, 303, 305, 306, 307, 308, 310, 311, 314, 315, 316, 317, 319, 320, 322, 323, 327, 328, 329, 330, 334, 335, 337, 338, 339, 341, 343, 344, 348, 350, 356, 357, 358, 364, 365], "summary": {"covered_lines": 177, "num_statements": 181, "percent_covered": 97.79005524861878, "percent_covered_display": "98", "missing_lines": 4, "excluded_lines": 0, "percent_statements_covered": 97.79005524861878, "percent_statements_covered_display": "98"}, "missing_lines": [57, 106, 115, 116], "excluded_lines": [], "functions": {"ExcelFileReader.__init__": {"executed_lines": [48, 49, 50, 52, 53], "summary": {"covered_lines": 5, "num_statements": 5, "percent_covered": 100.0, "percent_covered_display": "100", "missing_lines": 0, "excluded_lines": 0, "percent_statements_covered": 100.0, "percent_statements_covered_display": "100"}, "missing_lines": [], "excluded_lines": [], "start_line": 45}, "ExcelFileReader.readline": {"executed_lines": [], "summary": {"covered_lines": 0, "num_statements": 1, "percent_covered": 0.0, "percent_covered_display": "0", "missing_lines": 1, "excluded_lines": 0, "percent_statements_covered": 0.0, "percent_statements_covered_display": "0"}, "missing_lines": [57], "excluded_lines": [], "start_line": 56}, "ExcelFileReader._iter_raw": {"executed_lines": [60, 61, 62, 63], "summary": {"covered_lines": 4, "num_statements": 4, "percent_covered": 100.0, "percent_covered_display": "100", "missing_lines": 0, "excluded_lines": 0, "percent_statements_covered": 100.0, "percent_statements_covered_display": "100"}, "missing_lines": [], "excluded_lines": [], "start_line": 59}, "ExcelFileReader._initialize_data": {"executed_lines": [68, 69, 71, 72, 73, 74, 77, 83, 89, 90, 91, 92], "summary": {"covered_lines": 12, "num_statements": 12, "percent_covered": 100.0, "percent_covered_display": "100", "missing_lines": 0, "excluded_lines": 0, "percent_statements_covered": 100.0, "percent_statements_covered_display": "100"}, "missing_lines": [], "excluded_lines": [], "start_line": 65}, "ExcelFileReader.close": {"executed_lines": [96], "summary": {"covered_lines": 1, "num_statements": 1, "percent_covered": 100.0, "percent_covered_display": "100", "missing_lines": 0, "excluded_lines": 0, "percent_statements_covered": 100.0, "percent_statements_covered_display": "100"}, "missing_lines": [], "excluded_lines": [], "start_line": 94}, "ExcelFileReader._handle_password_protected_xl": {"executed_lines": [100, 101, 102, 104, 105, 108, 111, 112, 113, 114], "summary": {"covered_lines": 10, "num_statements": 13, "percent_covered": 76.92307692307692, "percent_covered_display": "77", "missing_lines": 3, "excluded_lines": 0, "percent_statements_covered": 76.92307692307692, "percent_statements_covered_display": "77"}, "missing_lines": [106, 115, 116], "excluded_lines": [], "start_line": 99}, "_require_windows": {"executed_lines": [125, 126], "summary": {"covered_lines": 2, "num_statements": 2, "percent_covered": 100.0, "percent_covered_display": "100", "missing_lines": 0, "excluded_lines": 0, "percent_statements_covered": 100.0, "percent_statements_covered_display": "100"}, "missing_lines": [], "excluded_lines": [], "start_line": 123}, "remove_wb_dates_after_target": {"executed_lines": [157, 159, 161, 162, 164, 165, 166, 167, 168, 169, 170, 180, 182, 183, 196, 197, 198, 199, 202, 203, 205, 207, 208, 209, 211, 212, 213, 215, 216, 217], "summary": {"covered_lines": 30, "num_statements": 30, "percent_covered": 100.0, "percent_covered_display": "100", "missing_lines": 0, "excluded_lines": 0, "percent_statements_covered": 100.0, "percent_statements_covered_display": "100"}, "missing_lines": [], "excluded_lines": [], "start_line": 142}, "_backup_path": {"executed_lines": [221, 222, 223], "summary": {"covered_lines": 3, "num_statements": 3, "percent_covered": 100.0, "percent_covered_display": "100", "missing_lines": 0, "excluded_lines": 0, "percent_statements_covered": 100.0, "percent_statements_covered_display": "100"}, "missing_lines": [], "excluded_lines": [], "start_line": 220}, "_clear_readonly": {"executed_lines": [233, 234, 235], "summary": {"covered_lines": 3, "num_statements": 3, "percent_covered": 100.0, "percent_covered_display": "100", "missing_lines": 0, "excluded_lines": 0, "percent_statements_covered": 100.0, "percent_statements_covered_display": "100"}, "missing_lines": [], "excluded_lines": [], "start_line": 226}, "_prune_sheet": {"executed_lines": [271, 272, 273, 274, 275, 277, 278, 280, 281, 282, 288, 290, 298, 299, 300, 301, 302, 303, 305, 306, 307, 308, 310, 311, 314, 315, 316, 317, 319, 320, 322, 323, 327, 328, 329, 330, 334, 335, 337, 338, 339, 341, 343, 344, 348, 350, 356, 357, 358], "summary": {"covered_lines": 49, "num_statements": 49, "percent_covered": 100.0, "percent_covered_display": "100", "missing_lines": 0, "excluded_lines": 0, "percent_statements_covered": 100.0, "percent_statements_covered_display": "100"}, "missing_lines": [], "excluded_lines": [], "start_line": 246}, "_prune_sheet._is_stale": {"executed_lines": [291, 292, 293, 294], "summary": {"covered_lines": 4, "num_statements": 4, "percent_covered": 100.0, "percent_covered_display": "100", "missing_lines": 0, "excluded_lines": 0, "percent_statements_covered": 100.0, "percent_statements_covered_display": "100"}, "missing_lines": [], "excluded_lines": [], "start_line": 290}, "": {"executed_lines": [1, 3, 4, 5, 6, 7, 8, 9, 10, 11, 12, 13, 14, 15, 16, 17, 19, 20, 21, 22, 23, 25, 26, 27, 29, 31, 33, 35, 38, 39, 40, 41, 44, 45, 55, 56, 59, 65, 94, 98, 99, 119, 120, 123, 134, 138, 139, 142, 220, 226, 243, 246, 364, 365], "summary": {"covered_lines": 54, "num_statements": 54, "percent_covered": 100.0, "percent_covered_display": "100", "missing_lines": 0, "excluded_lines": 0, "percent_statements_covered": 100.0, "percent_statements_covered_display": "100"}, "missing_lines": [], "excluded_lines": [], "start_line": 1}}, "classes": {"ExcelDataSource": {"executed_lines": [], "summary": {"covered_lines": 0, "num_statements": 0, "percent_covered": 100.0, "percent_covered_display": "100", "missing_lines": 0, "excluded_lines": 0, "percent_statements_covered": 100.0, "percent_statements_covered_display": "100"}, "missing_lines": [], "excluded_lines": [], "start_line": 39}, "ExcelFileReader": {"executed_lines": [48, 49, 50, 52, 53, 60, 61, 62, 63, 68, 69, 71, 72, 73, 74, 77, 83, 89, 90, 91, 92, 96, 100, 101, 102, 104, 105, 108, 111, 112, 113, 114], "summary": {"covered_lines": 32, "num_statements": 36, "percent_covered": 88.88888888888889, "percent_covered_display": "89", "missing_lines": 4, "excluded_lines": 0, "percent_statements_covered": 88.88888888888889, "percent_statements_covered_display": "89"}, "missing_lines": [57, 106, 115, 116], "excluded_lines": [], "start_line": 44}, "UnsupportedPlatformError": {"executed_lines": [], "summary": {"covered_lines": 0, "num_statements": 0, "percent_covered": 100.0, "percent_covered_display": "100", "missing_lines": 0, "excluded_lines": 0, "percent_statements_covered": 100.0, "percent_statements_covered_display": "100"}, "missing_lines": [], "excluded_lines": [], "start_line": 119}, "CouldNotOpenFile": {"executed_lines": [], "summary": {"covered_lines": 0, "num_statements": 0, "percent_covered": 100.0, "percent_covered_display": "100", "missing_lines": 0, "excluded_lines": 0, "percent_statements_covered": 100.0, "percent_statements_covered_display": "100"}, "missing_lines": [], "excluded_lines": [], "start_line": 364}, "": {"executed_lines": [1, 3, 4, 5, 6, 7, 8, 9, 10, 11, 12, 13, 14, 15, 16, 17, 19, 20, 21, 22, 23, 25, 26, 27, 29, 31, 33, 35, 38, 39, 40, 41, 44, 45, 55, 56, 59, 65, 94, 98, 99, 119, 120, 123, 125, 126, 134, 138, 139, 142, 157, 159, 161, 162, 164, 165, 166, 167, 168, 169, 170, 180, 182, 183, 196, 197, 198, 199, 202, 203, 205, 207, 208, 209, 211, 212, 213, 215, 216, 217, 220, 221, 222, 223, 226, 233, 234, 235, 243, 246, 271, 272, 273, 274, 275, 277, 278, 280, 281, 282, 288, 290, 291, 292, 293, 294, 298, 299, 300, 301, 302, 303, 305, 306, 307, 308, 310, 311, 314, 315, 316, 317, 319, 320, 322, 323, 327, 328, 329, 330, 334, 335, 337, 338, 339, 341, 343, 344, 348, 350, 356, 357, 358, 364, 365], "summary": {"covered_lines": 145, "num_statements": 145, "percent_covered": 100.0, "percent_covered_display": "100", "missing_lines": 0, "excluded_lines": 0, "percent_statements_covered": 100.0, "percent_statements_covered_display": "100"}, "missing_lines": [], "excluded_lines": [], "start_line": 1}}}, "src\\data\\reader.py": {"executed_lines": [1, 3, 4, 5, 7, 9, 10, 13, 14, 15, 16, 17, 19, 20, 27, 29, 30, 31, 33, 34, 35, 38, 48, 49, 51, 52, 54, 58, 59], "summary": {"covered_lines": 29, "num_statements": 29, "percent_covered": 100.0, "percent_covered_display": "100", "missing_lines": 0, "excluded_lines": 7, "percent_statements_covered": 100.0, "percent_statements_covered_display": "100"}, "missing_lines": [], "excluded_lines": [40, 41, 42, 43, 44, 45, 46], "functions": {"AbstractReader.__init__": {"executed_lines": [15, 16, 17], "summary": {"covered_lines": 3, "num_statements": 3, "percent_covered": 100.0, "percent_covered_display": "100", "missing_lines": 0, "excluded_lines": 0, "percent_statements_covered": 100.0, "percent_statements_covered_display": "100"}, "missing_lines": [], "excluded_lines": [], "start_line": 14}, "AbstractReader.readline": {"executed_lines": [20, 27, 29, 30, 31, 33, 34, 35, 38], "summary": {"covered_lines": 9, "num_statements": 9, "percent_covered": 100.0, "percent_covered_display": "100", "missing_lines": 0, "excluded_lines": 0, "percent_statements_covered": 100.0, "percent_statements_covered_display": "100"}, "missing_lines": [], "excluded_lines": [], "start_line": 19}, "AbstractReader._initialize_data": {"executed_lines": [], "summary": {"covered_lines": 0, "num_statements": 0, "percent_covered": 100.0, "percent_covered_display": "100", "missing_lines": 0, "excluded_lines": 1, "percent_statements_covered": 100.0, "percent_statements_covered_display": "100"}, "missing_lines": [], "excluded_lines": [41], "start_line": 41}, "AbstractReader._iter_raw": {"executed_lines": [], "summary": {"covered_lines": 0, "num_statements": 0, "percent_covered": 100.0, "percent_covered_display": "100", "missing_lines": 0, "excluded_lines": 1, "percent_statements_covered": 100.0, "percent_statements_covered_display": "100"}, "missing_lines": [], "excluded_lines": [44], "start_line": 44}, "AbstractReader.__enter__": {"executed_lines": [49], "summary": {"covered_lines": 1, "num_statements": 1, "percent_covered": 100.0, "percent_covered_display": "100", "missing_lines": 0, "excluded_lines": 0, "percent_statements_covered": 100.0, "percent_statements_covered_display": "100"}, "missing_lines": [], "excluded_lines": [], "start_line": 48}, "AbstractReader.__exit__": {"executed_lines": [52], "summary": {"covered_lines": 1, "num_statements": 1, "percent_covered": 100.0, "percent_covered_display": "100", "missing_lines": 0, "excluded_lines": 0, "percent_statements_covered": 100.0, "percent_statements_covered_display": "100"}, "missing_lines": [], "excluded_lines": [], "start_line": 51}, "AbstractReader.close": {"executed_lines": [], "summary": {"covered_lines": 0, "num_statements": 0, "percent_covered": 100.0, "percent_covered_display": "100", "missing_lines": 0, "excluded_lines": 0, "percent_statements_covered": 100.0, "percent_statements_covered_display": "100"}, "missing_lines": [], "excluded_lines": [], "start_line": 54}, "": {"executed_lines": [1, 3, 4, 5, 7, 9, 10, 13, 14, 19, 48, 51, 54, 58, 59], "summary": {"covered_lines": 15, "num_statements": 15, "percent_covered": 100.0, "percent_covered_display": "100", "missing_lines": 0, "excluded_lines": 5, "percent_statements_covered": 100.0, "percent_statements_covered_display": "100"}, "missing_lines": [], "excluded_lines": [40, 42, 43, 45, 46], "start_line": 1}}, "classes": {"AbstractReader": {"executed_lines": [15, 16, 17, 20, 27, 29, 30, 31, 33, 34, 35, 38, 49, 52], "summary": {"covered_lines": 14, "num_statements": 14, "percent_covered": 100.0, "percent_covered_display": "100", "missing_lines": 0, "excluded_lines": 2, "percent_statements_covered": 100.0, "percent_statements_covered_display": "100"}, "missing_lines": [], "excluded_lines": [41, 44], "start_line": 13}, "RowLikeConfigError": {"executed_lines": [], "summary": {"covered_lines": 0, "num_statements": 0, "percent_covered": 100.0, "percent_covered_display": "100", "missing_lines": 0, "excluded_lines": 0, "percent_statements_covered": 100.0, "percent_statements_covered_display": "100"}, "missing_lines": [], "excluded_lines": [], "start_line": 58}, "": {"executed_lines": [1, 3, 4, 5, 7, 9, 10, 13, 14, 19, 48, 51, 54, 58, 59], "summary": {"covered_lines": 15, "num_statements": 15, "percent_covered": 100.0, "percent_covered_display": "100", "missing_lines": 0, "excluded_lines": 5, "percent_statements_covered": 100.0, "percent_statements_covered_display": "100"}, "missing_lines": [], "excluded_lines": [40, 42, 43, 45, 46], "start_line": 1}}}, "src\\inventory_kits\\__init__.py": {"executed_lines": [], "summary": {"covered_lines": 0, "num_statements": 0, "percent_covered": 100.0, "percent_covered_display": "100", "missing_lines": 0, "excluded_lines": 0, "percent_statements_covered": 100.0, "percent_statements_covered_display": "100"}, "missing_lines": [], "excluded_lines": [], "functions": {"": {"executed_lines": [], "summary": {"covered_lines": 0, "num_statements": 0, "percent_covered": 100.0, "percent_covered_display": "100", "missing_lines": 0, "excluded_lines": 0, "percent_statements_covered": 100.0, "percent_statements_covered_display": "100"}, "missing_lines": [], "excluded_lines": [], "start_line": 1}}, "classes": {"": {"executed_lines": [], "summary": {"covered_lines": 0, "num_statements": 0, "percent_covered": 100.0, "percent_covered_display": "100", "missing_lines": 0, "excluded_lines": 0, "percent_statements_covered": 100.0, "percent_statements_covered_display": "100"}, "missing_lines": [], "excluded_lines": [], "start_line": 1}}}, "src\\inventory_kits\\reader.py": {"executed_lines": [1, 2, 3, 4, 5, 7, 8, 9, 11, 17, 18, 19, 20, 21, 23, 25, 26, 27, 28, 29, 31, 34, 42, 44, 45, 46, 47, 49, 52, 53, 54, 55, 56, 57, 58, 64, 68, 71, 72, 73, 74, 78, 79, 83, 84, 90, 94, 98, 99, 100, 102, 104, 105, 106, 107, 109, 111, 117, 118, 120, 121, 124, 126, 128, 129, 130, 131], "summary": {"covered_lines": 67, "num_statements": 79, "percent_covered": 84.81012658227849, "percent_covered_display": "85", "missing_lines": 12, "excluded_lines": 0, "percent_statements_covered": 84.81012658227849, "percent_statements_covered_display": "85"}, "missing_lines": [32, 35, 59, 60, 69, 80, 81, 91, 92, 95, 96, 122], "excluded_lines": [], "functions": {"ExcelKitReader.__init__": {"executed_lines": [27, 28, 29, 31], "summary": {"covered_lines": 4, "num_statements": 5, "percent_covered": 80.0, "percent_covered_display": "80", "missing_lines": 1, "excluded_lines": 0, "percent_statements_covered": 80.0, "percent_statements_covered_display": "80"}, "missing_lines": [32], "excluded_lines": [], "start_line": 26}, "ExcelKitReader.readline": {"executed_lines": [], "summary": {"covered_lines": 0, "num_statements": 1, "percent_covered": 0.0, "percent_covered_display": "0", "missing_lines": 1, "excluded_lines": 0, "percent_statements_covered": 0.0, "percent_statements_covered_display": "0"}, "missing_lines": [35], "excluded_lines": [], "start_line": 34}, "ExcelKitReader.process_sellercloud_kit_export": {"executed_lines": [44, 45, 46, 47], "summary": {"covered_lines": 4, "num_statements": 4, "percent_covered": 100.0, "percent_covered_display": "100", "missing_lines": 0, "excluded_lines": 0, "percent_statements_covered": 100.0, "percent_statements_covered_display": "100"}, "missing_lines": [], "excluded_lines": [], "start_line": 42}, "ExcelKitReader.read_kits_from_export": {"executed_lines": [52, 53, 54, 55, 56, 57, 58], "summary": {"covered_lines": 7, "num_statements": 9, "percent_covered": 77.77777777777777, "percent_covered_display": "78", "missing_lines": 2, "excluded_lines": 0, "percent_statements_covered": 77.77777777777777, "percent_statements_covered_display": "78"}, "missing_lines": [59, 60], "excluded_lines": [], "start_line": 49}, "ExcelKitReader.update_avco": {"executed_lines": [68, 71, 72, 73, 74, 78, 79, 83, 84], "summary": {"covered_lines": 9, "num_statements": 12, "percent_covered": 75.0, "percent_covered_display": "75", "missing_lines": 3, "excluded_lines": 0, "percent_statements_covered": 75.0, "percent_statements_covered_display": "75"}, "missing_lines": [69, 80, 81], "excluded_lines": [], "start_line": 64}, "ExcelKitReader._load_kits_from_disk": {"executed_lines": [], "summary": {"covered_lines": 0, "num_statements": 2, "percent_covered": 0.0, "percent_covered_display": "0", "missing_lines": 2, "excluded_lines": 0, "percent_statements_covered": 0.0, "percent_statements_covered_display": "0"}, "missing_lines": [91, 92], "excluded_lines": [], "start_line": 90}, "ExcelKitReader._save_kits_to_disk": {"executed_lines": [], "summary": {"covered_lines": 0, "num_statements": 2, "percent_covered": 0.0, "percent_covered_display": "0", "missing_lines": 2, "excluded_lines": 0, "percent_statements_covered": 0.0, "percent_statements_covered_display": "0"}, "missing_lines": [95, 96], "excluded_lines": [], "start_line": 94}, "ExcelKitReader._save_kits_total_cost_to_disk": {"executed_lines": [99, 100], "summary": {"covered_lines": 2, "num_statements": 2, "percent_covered": 100.0, "percent_covered_display": "100", "missing_lines": 0, "excluded_lines": 0, "percent_statements_covered": 100.0, "percent_statements_covered_display": "100"}, "missing_lines": [], "excluded_lines": [], "start_line": 98}, "ExcelKitReader._iter_raw": {"executed_lines": [104, 105, 106, 107], "summary": {"covered_lines": 4, "num_statements": 4, "percent_covered": 100.0, "percent_covered_display": "100", "missing_lines": 0, "excluded_lines": 0, "percent_statements_covered": 100.0, "percent_statements_covered_display": "100"}, "missing_lines": [], "excluded_lines": [], "start_line": 102}, "ExcelKitReader._initialize_data": {"executed_lines": [111, 117, 118, 120, 121, 124], "summary": {"covered_lines": 6, "num_statements": 7, "percent_covered": 85.71428571428571, "percent_covered_display": "86", "missing_lines": 1, "excluded_lines": 0, "percent_statements_covered": 85.71428571428571, "percent_statements_covered_display": "86"}, "missing_lines": [122], "excluded_lines": [], "start_line": 109}, "ExcelKitReader.close": {"executed_lines": [128, 129, 130, 131], "summary": {"covered_lines": 4, "num_statements": 4, "percent_covered": 100.0, "percent_covered_display": "100", "missing_lines": 0, "excluded_lines": 0, "percent_statements_covered": 100.0, "percent_statements_covered_display": "100"}, "missing_lines": [], "excluded_lines": [], "start_line": 126}, "": {"executed_lines": [1, 2, 3, 4, 5, 7, 8, 9, 11, 17, 18, 19, 20, 21, 23, 25, 26, 34, 42, 49, 64, 90, 94, 98, 102, 109, 126], "summary": {"covered_lines": 27, "num_statements": 27, "percent_covered": 100.0, "percent_covered_display": "100", "missing_lines": 0, "excluded_lines": 0, "percent_statements_covered": 100.0, "percent_statements_covered_display": "100"}, "missing_lines": [], "excluded_lines": [], "start_line": 1}}, "classes": {"ExcelKitReader": {"executed_lines": [27, 28, 29, 31, 44, 45, 46, 47, 52, 53, 54, 55, 56, 57, 58, 68, 71, 72, 73, 74, 78, 79, 83, 84, 99, 100, 104, 105, 106, 107, 111, 117, 118, 120, 121, 124, 128, 129, 130, 131], "summary": {"covered_lines": 40, "num_statements": 52, "percent_covered": 76.92307692307692, "percent_covered_display": "77", "missing_lines": 12, "excluded_lines": 0, "percent_statements_covered": 76.92307692307692, "percent_statements_covered_display": "77"}, "missing_lines": [32, 35, 59, 60, 69, 80, 81, 91, 92, 95, 96, 122], "excluded_lines": [], "start_line": 25}, "": {"executed_lines": [1, 2, 3, 4, 5, 7, 8, 9, 11, 17, 18, 19, 20, 21, 23, 25, 26, 34, 42, 49, 64, 90, 94, 98, 102, 109, 126], "summary": {"covered_lines": 27, "num_statements": 27, "percent_covered": 100.0, "percent_covered_display": "100", "missing_lines": 0, "excluded_lines": 0, "percent_statements_covered": 100.0, "percent_statements_covered_display": "100"}, "missing_lines": [], "excluded_lines": [], "start_line": 1}}}}, "totals": {"covered_lines": 789, "num_statements": 852, "percent_covered": 92.6056338028169, "percent_covered_display": "93", "missing_lines": 63, "excluded_lines": 12, "percent_statements_covered": 92.6056338028169, "percent_statements_covered_display": "93"}}